<?xml version="1.0" encoding="UTF-8"?>
<!--
  ~ Copyright (c) 2011-2025 PiChen
  -->

<!DOCTYPE beans PUBLIC  "-//SPRING//DTD BEAN//EN" "http://www.springframework.org/dtd/spring-beans.dtd">

<beans>

    <!-- ===========================================================-->
    <!-- Message source						-->
    <!-- ===========================================================-->
    <bean id="messageSource" class="org.summerframework.context.support.ResourceBundleMessageSource">
        <property name="basename">
            <value>com/interface21/web/context/WEB-INF/test-messages</value>
        </property>
    </bean>
    <bean id="themeSource" class="org.summerframework.ui.context.support.ResourceBundleThemeSource">
        <property name="basenamePrefix">
            <value>com/interface21/web/context/WEB-INF/test-</value>
        </property>
    </bean>

    <bean id="aca" class="org.summerframework.context.ACATest"/>

    <bean id="aca-prototype" class="org.summerframework.context.ACATest" singleton="false"/>

    <bean id="rod" class="org.summerframework.beans.TestBean">
        <property name="name">
            <value>Rod</value>
        </property>
        <property name="age">
            <value>31</value>
        </property>
        <property name="spouse">
            <ref external="father"/>
        </property>
    </bean>

    <bean id="testListener" class="org.summerframework.context.TestListener"/>

    <bean id="roderick" parent="rod">
        <property name="name">
            <value>Roderick</value>
        </property>
        <property name="age">
            <value>31</value>
        </property>
    </bean>

    <bean id="kathy" class="org.summerframework.beans.TestBean" singleton="false"/>

    <bean id="kerry" class="org.summerframework.beans.TestBean">
        <property name="name">
            <value>Kerry</value>
        </property>
        <property name="age">
            <value>34</value>
        </property>
        <property name="spouse">
            <ref bean="rod"/>
        </property>
    </bean>


    <bean id="typeMismatch" class="org.summerframework.beans.TestBean" singleton="false">
        <property name="name">
            <value>typeMismatch</value>
        </property>
        <property name="age">
            <value>34x</value>
        </property>
        <property name="spouse">
            <ref bean="rod"/>
        </property>
    </bean>

    <!-- Factory beans are automatically treated
        differently -->
    <bean id="singletonFactory"
          class="org.summerframework.beans.factory.DummyFactory">
    </bean>

    <bean id="prototypeFactory"
          class="org.summerframework.beans.factory.DummyFactory">
        <property name="singleton">
            <value>false</value>
        </property>
    </bean>

    <bean id="factoryPassThrough"
          class="org.summerframework.beans.factory.DummyFactory">
        <property name="singleton">
            <value>true</value>
        </property>
        <property name="propertyValues">
            <value>
                name=passThrough
            </value>
        </property>
    </bean>

    <!--
     <bean name="agistListener" class="com.interface21.beans.factory.AbstractBeanFactoryTests$AgistListener" />
     -->

    <bean id="listenerVeto" class="org.summerframework.beans.TestBean">
        <!--	<listener property="age" beanRef="agistListener" /> -->
        <property name="name">
            <value>listenerVeto</value>
        </property>
        <property name="age">
            <value>66</value>
        </property>
    </bean>

    <bean id="validEmpty" class="org.summerframework.beans.TestBean"/>

</beans>
