<?xml version="1.0" encoding="UTF-8" ?>
<testsuite tests="3" failures="0" name="com.interface21.util.ClassLoaderUtilsTest" time="0.04" errors="0" skipped="0">
    <properties>
        <property name="idea.version" value="2017.2.5"/>
        <property name="java.runtime.name" value="Java(TM) SE Runtime Environment"/>
        <property name="sun.boot.library.path" value="E:\DevProgramFiles\Java\jdk1.8.0_111\jre\bin"/>
        <property name="java.vm.version" value="25.111-b14"/>
        <property name="java.vm.vendor" value="Oracle Corporation"/>
        <property name="maven.multiModuleProjectDirectory" value="F:\Code\interface21\interface21-framework"/>
        <property name="java.vendor.url" value="http://java.oracle.com/"/>
        <property name="path.separator" value=";"/>
        <property name="guice.disable.misplaced.annotation.check" value="true"/>
        <property name="java.vm.name" value="Java HotSpot(TM) Client VM"/>
        <property name="file.encoding.pkg" value="sun.io"/>
        <property name="user.script" value=""/>
        <property name="user.country" value="CN"/>
        <property name="sun.java.launcher" value="SUN_STANDARD"/>
        <property name="sun.os.patch.level" value=""/>
        <property name="java.vm.specification.name" value="Java Virtual Machine Specification"/>
        <property name="user.dir" value="F:\Code\interface21\interface21-framework"/>
        <property name="java.runtime.version" value="1.8.0_111-b14"/>
        <property name="java.awt.graphicsenv" value="sun.awt.Win32GraphicsEnvironment"/>
        <property name="java.endorsed.dirs" value="E:\DevProgramFiles\Java\jdk1.8.0_111\jre\lib\endorsed"/>
        <property name="os.arch" value="x86"/>
        <property name="java.io.tmpdir" value="C:\Users\cp_hd\AppData\Local\Temp\"/>
        <property name="line.separator" value="
"/>
        <property name="java.vm.specification.vendor" value="Oracle Corporation"/>
        <property name="user.variant" value=""/>
        <property name="os.name" value="Windows 10"/>
        <property name="classworlds.conf" value="E:\DevProgramFiles\apache-maven-3.3.9\bin\m2.conf"/>
        <property name="sun.jnu.encoding" value="GBK"/>
        <property name="java.library.path"
                  value="E:\DevProgramFiles\Java\jdk1.8.0_111\bin;C:\Windows\Sun\Java\bin;C:\Windows\system32;C:\Windows;E:\DevProgramFiles\apache-maven-3.3.9\bin;E:\DevProgramFiles\Java\jdk1.8.0_111\bin;C:\Program Files (x86)\Intel\iCLS Client\;C:\Program Files\Intel\iCLS Client\;C:\Windows\system32;C:\Windows;C:\Windows\System32\Wbem;C:\Windows\System32\WindowsPowerShell\v1.0\;C:\Program Files (x86)\Intel\Intel(R) Management Engine Components\DAL;C:\Program Files\Intel\Intel(R) Management Engine Components\DAL;C:\Program Files (x86)\Intel\Intel(R) Management Engine Components\IPT;C:\Program Files\Intel\Intel(R) Management Engine Components\IPT;C:\Program Files (x86)\NVIDIA Corporation\PhysX\Common;E:\DevProgramFiles\MySQL\MySQL Server 5.5\bin;E:\Program Files\VisualSVN Server\bin;E:\DevProgramFiles\SVN\bin;C:\Users\cp_hd\AppData\Local\Microsoft\WindowsApps;;E:\DevProgramFiles\SSH Communications Security\SSH Secure Shell;C:\Program Files (x86)\SSH Communications Security\SSH Secure Shell;."/>
        <property name="java.specification.name" value="Java Platform API Specification"/>
        <property name="java.class.version" value="52.0"/>
        <property name="sun.management.compiler" value="HotSpot Client Compiler"/>
        <property name="maven.repo.local" value="E:\Data\Maven\Repo"/>
        <property name="os.version" value="10.0"/>
        <property name="user.home" value="C:\Users\cp_hd"/>
        <property name="user.timezone" value="Asia/Shanghai"/>
        <property name="java.awt.printerjob" value="sun.awt.windows.WPrinterJob"/>
        <property name="java.specification.version" value="1.8"/>
        <property name="file.encoding" value="UTF-8"/>
        <property name="user.name" value="PiChen"/>
        <property name="java.class.path"
                  value="E:\DevProgramFiles\apache-maven-3.3.9\boot\plexus-classworlds-2.5.2.jar;E:\DevProgramFiles\IntelliJ IDEA 2017.2.5\lib\idea_rt.jar"/>
        <property name="java.vm.specification.version" value="1.8"/>
        <property name="sun.arch.data.model" value="32"/>
        <property name="java.home" value="E:\DevProgramFiles\Java\jdk1.8.0_111\jre"/>
        <property name="sun.java.command"
                  value="org.codehaus.classworlds.Launcher -Didea.version=2017.2.5 -s E:\DevProgramFiles\apache-maven-3.3.9\conf\settings.xml -Dmaven.repo.local=E:\Data\Maven\Repo package"/>
        <property name="java.specification.vendor" value="Oracle Corporation"/>
        <property name="user.language" value="zh"/>
        <property name="awt.toolkit" value="sun.awt.windows.WToolkit"/>
        <property name="java.vm.info" value="mixed mode"/>
        <property name="java.version" value="1.8.0_111"/>
        <property name="java.ext.dirs"
                  value="E:\DevProgramFiles\Java\jdk1.8.0_111\jre\lib\ext;C:\Windows\Sun\Java\lib\ext"/>
        <property name="sun.boot.class.path"
                  value="E:\DevProgramFiles\Java\jdk1.8.0_111\jre\lib\resources.jar;E:\DevProgramFiles\Java\jdk1.8.0_111\jre\lib\rt.jar;E:\DevProgramFiles\Java\jdk1.8.0_111\jre\lib\sunrsasign.jar;E:\DevProgramFiles\Java\jdk1.8.0_111\jre\lib\jsse.jar;E:\DevProgramFiles\Java\jdk1.8.0_111\jre\lib\jce.jar;E:\DevProgramFiles\Java\jdk1.8.0_111\jre\lib\charsets.jar;E:\DevProgramFiles\Java\jdk1.8.0_111\jre\lib\jfr.jar;E:\DevProgramFiles\Java\jdk1.8.0_111\jre\classes"/>
        <property name="java.vendor" value="Oracle Corporation"/>
        <property name="maven.home" value="E:\DevProgramFiles\apache-maven-3.3.9"/>
        <property name="file.separator" value="\"/>
        <property name="java.vendor.url.bug" value="http://bugreport.sun.com/bugreport/"/>
        <property name="sun.cpu.endian" value="little"/>
        <property name="sun.io.unicode.encoding" value="UnicodeLittle"/>
        <property name="sun.desktop" value="windows"/>
        <property name="sun.cpu.isalist" value="pentium_pro+mmx pentium_pro pentium+mmx pentium i486 i386 i86"/>
    </properties>
    <testcase classname="com.interface21.util.ClassLoaderUtilsTest" name="showClassLoaderHierarchy1" time="0.002"/>
    <testcase classname="com.interface21.util.ClassLoaderUtilsTest" name="getResourceAsStream" time="0.038"/>
    <testcase classname="com.interface21.util.ClassLoaderUtilsTest" name="showClassLoaderHierarchy" time="0"/>
</testsuite>